{
  "stats": {
    "suites": 9,
    "tests": 31,
    "passes": 28,
    "pending": 0,
    "failures": 3,
    "start": "2023-10-13T15:02:50.866Z",
    "end": "2023-10-13T15:03:03.153Z",
    "duration": 12287,
    "testsRegistered": 31,
    "passPercent": 90.32258064516128,
    "pendingPercent": 0,
    "other": 0,
    "hasOther": false,
    "skipped": 0,
    "hasSkipped": false
  },
  "results": [
    {
      "uuid": "46b088ae-b09d-43de-9cae-57eb0a9cfce6",
      "title": "",
      "fullFile": "/home/adamva/prj/vc-test-suite/test/vc-data-model-1.0/10-basic.js",
      "file": "/test/vc-data-model-1.0/10-basic.js",
      "beforeHooks": [],
      "afterHooks": [],
      "tests": [],
      "suites": [
        {
          "uuid": "1b9e4e76-55b5-4fe8-ae8b-b37ea3b6c42f",
          "title": "Basic Documents",
          "fullFile": "/home/adamva/prj/vc-test-suite/test/vc-data-model-1.0/10-basic.js",
          "file": "/test/vc-data-model-1.0/10-basic.js",
          "beforeHooks": [
            {
              "title": "\"before all\" hook in \"Basic Documents\"",
              "fullTitle": "Basic Documents \"before all\" hook in \"Basic Documents\"",
              "timedOut": false,
              "duration": 0,
              "state": null,
              "speed": null,
              "pass": false,
              "fail": false,
              "pending": false,
              "context": null,
              "code": "const notSupported = generatorOptions.sectionsNotSupported || [];\nif(notSupported.includes('basic')) {\n  this.skip();\n}",
              "err": {},
              "uuid": "9d3781a6-bfcd-4ef8-a23c-1fbf47be15f7",
              "parentUUID": "1b9e4e76-55b5-4fe8-ae8b-b37ea3b6c42f",
              "isHook": true,
              "skipped": false
            }
          ],
          "afterHooks": [],
          "tests": [],
          "suites": [
            {
              "uuid": "3aab24db-ba33-4be7-a5a6-ba1a99145adb",
              "title": "@context",
              "fullFile": "/home/adamva/prj/vc-test-suite/test/vc-data-model-1.0/10-basic.js",
              "file": "/test/vc-data-model-1.0/10-basic.js",
              "beforeHooks": [],
              "afterHooks": [],
              "tests": [
                {
                  "title": "MUST be one or more URIs",
                  "fullTitle": "Basic Documents @context MUST be one or more URIs",
                  "timedOut": false,
                  "duration": 579,
                  "state": "passed",
                  "speed": "slow",
                  "pass": true,
                  "fail": false,
                  "pending": false,
                  "context": null,
                  "code": "const doc = await util.generate('example-1.jsonld', generatorOptions);\ndoc.should.have.property('@context');\ndoc['@context'].should.be.a('Array');\ndoc['@context'].should.have.length.greaterThan(0);",
                  "err": {},
                  "uuid": "40089708-4609-4e7d-b666-cf3886c28413",
                  "parentUUID": "3aab24db-ba33-4be7-a5a6-ba1a99145adb",
                  "isHook": false,
                  "skipped": false
                },
                {
                  "title": "MUST be one or more URIs (negative)",
                  "fullTitle": "Basic Documents @context MUST be one or more URIs (negative)",
                  "timedOut": false,
                  "duration": 390,
                  "state": "passed",
                  "speed": "slow",
                  "pass": true,
                  "fail": false,
                  "pending": false,
                  "context": null,
                  "code": "await expect(util.generate(\n  'example-1-bad-cardinality.jsonld', generatorOptions))\n  .to.be.rejectedWith(Error);",
                  "err": {},
                  "uuid": "726515cd-888d-4e4c-a407-d38451844423",
                  "parentUUID": "3aab24db-ba33-4be7-a5a6-ba1a99145adb",
                  "isHook": false,
                  "skipped": false
                },
                {
                  "title": "first value MUST be https://www.w3.org/2018/credentials/v1",
                  "fullTitle": "Basic Documents @context first value MUST be https://www.w3.org/2018/credentials/v1",
                  "timedOut": false,
                  "duration": 457,
                  "state": "passed",
                  "speed": "slow",
                  "pass": true,
                  "fail": false,
                  "pending": false,
                  "context": null,
                  "code": "const doc = await util.generate('example-1.jsonld', generatorOptions);\nexpect(doc['@context'][0]).to.equal('https://www.w3.org/2018/credentials/v1');",
                  "err": {},
                  "uuid": "46964c19-e668-4f11-9e4f-a44dcc8b3431",
                  "parentUUID": "3aab24db-ba33-4be7-a5a6-ba1a99145adb",
                  "isHook": false,
                  "skipped": false
                },
                {
                  "title": "first value MUST be https://www.w3.org/2018/credentials/v1 (negative)",
                  "fullTitle": "Basic Documents @context first value MUST be https://www.w3.org/2018/credentials/v1 (negative)",
                  "timedOut": false,
                  "duration": 452,
                  "state": "passed",
                  "speed": "slow",
                  "pass": true,
                  "fail": false,
                  "pending": false,
                  "context": null,
                  "code": "await expect(util.generate(\n  'example-1-bad-url.jsonld', generatorOptions))\n  .to.be.rejectedWith(Error);",
                  "err": {},
                  "uuid": "0de55fa9-b579-4d66-9c85-bc5444c69856",
                  "parentUUID": "3aab24db-ba33-4be7-a5a6-ba1a99145adb",
                  "isHook": false,
                  "skipped": false
                },
                {
                  "title": "subsequent items can be objects that express context information",
                  "fullTitle": "Basic Documents @context subsequent items can be objects that express context information",
                  "timedOut": false,
                  "duration": 428,
                  "state": "passed",
                  "speed": "slow",
                  "pass": true,
                  "fail": false,
                  "pending": false,
                  "context": null,
                  "code": "const doc = await util.generate('example-1-object-context.jsonld', generatorOptions);\nexpect(doc['@context'][2]).to.eql({\n  \"image\": { \"@id\": \"schema:image\", \"@type\": \"@id\" }\n});",
                  "err": {},
                  "uuid": "70f25852-df32-4b91-91c7-70937eb5c87c",
                  "parentUUID": "3aab24db-ba33-4be7-a5a6-ba1a99145adb",
                  "isHook": false,
                  "skipped": false
                }
              ],
              "suites": [],
              "passes": [
                "40089708-4609-4e7d-b666-cf3886c28413",
                "726515cd-888d-4e4c-a407-d38451844423",
                "46964c19-e668-4f11-9e4f-a44dcc8b3431",
                "0de55fa9-b579-4d66-9c85-bc5444c69856",
                "70f25852-df32-4b91-91c7-70937eb5c87c"
              ],
              "failures": [],
              "pending": [],
              "skipped": [],
              "duration": 2306,
              "root": false,
              "rootEmpty": false,
              "_timeout": 10000
            },
            {
              "uuid": "b1921af4-1281-4284-bc44-e4c711cc01a9",
              "title": "`id` properties",
              "fullFile": "/home/adamva/prj/vc-test-suite/test/vc-data-model-1.0/10-basic.js",
              "file": "/test/vc-data-model-1.0/10-basic.js",
              "beforeHooks": [],
              "afterHooks": [],
              "tests": [
                {
                  "title": "MUST be a single URI",
                  "fullTitle": "Basic Documents `id` properties MUST be a single URI",
                  "timedOut": false,
                  "duration": 470,
                  "state": "passed",
                  "speed": "slow",
                  "pass": true,
                  "fail": false,
                  "pending": false,
                  "context": null,
                  "code": "const doc = await util.generate('example-2.jsonld', generatorOptions);\ndoc.id.should.be.a('string');\nexpect(doc.id).to.match(uriRegex);\ndoc.credentialSubject.id.should.be.a('string');\nexpect(doc.credentialSubject.id).to.match(uriRegex);",
                  "err": {},
                  "uuid": "8f746281-07e6-4d19-a692-33f192196a4c",
                  "parentUUID": "b1921af4-1281-4284-bc44-e4c711cc01a9",
                  "isHook": false,
                  "skipped": false
                },
                {
                  "title": "MUST be a single URI (negative)",
                  "fullTitle": "Basic Documents `id` properties MUST be a single URI (negative)",
                  "timedOut": false,
                  "duration": 260,
                  "state": "passed",
                  "speed": "slow",
                  "pass": true,
                  "fail": false,
                  "pending": false,
                  "context": null,
                  "code": "await expect(util.generate(\n  'example-2-bad-cardinality.jsonld', generatorOptions))\n  .to.be.rejectedWith(Error);",
                  "err": {},
                  "uuid": "338cba08-fcb5-4ea2-8b91-3660d6b0fb80",
                  "parentUUID": "b1921af4-1281-4284-bc44-e4c711cc01a9",
                  "isHook": false,
                  "skipped": false
                }
              ],
              "suites": [],
              "passes": [
                "8f746281-07e6-4d19-a692-33f192196a4c",
                "338cba08-fcb5-4ea2-8b91-3660d6b0fb80"
              ],
              "failures": [],
              "pending": [],
              "skipped": [],
              "duration": 730,
              "root": false,
              "rootEmpty": false,
              "_timeout": 10000
            },
            {
              "uuid": "657d99ca-8fe4-4bfc-94af-698d308ba70c",
              "title": "`type` properties",
              "fullFile": "/home/adamva/prj/vc-test-suite/test/vc-data-model-1.0/10-basic.js",
              "file": "/test/vc-data-model-1.0/10-basic.js",
              "beforeHooks": [],
              "afterHooks": [],
              "tests": [
                {
                  "title": "MUST be one or more URIs",
                  "fullTitle": "Basic Documents `type` properties MUST be one or more URIs",
                  "timedOut": false,
                  "duration": 458,
                  "state": "passed",
                  "speed": "slow",
                  "pass": true,
                  "fail": false,
                  "pending": false,
                  "context": null,
                  "code": "const doc = await util.generate('example-3.jsonld', generatorOptions);\ndoc.type.should.be.a('Array');",
                  "err": {},
                  "uuid": "9ed5c9cc-e040-4129-bbef-818f167654d0",
                  "parentUUID": "657d99ca-8fe4-4bfc-94af-698d308ba70c",
                  "isHook": false,
                  "skipped": false
                },
                {
                  "title": "MUST be one or more URIs (negative)",
                  "fullTitle": "Basic Documents `type` properties MUST be one or more URIs (negative)",
                  "timedOut": false,
                  "duration": 360,
                  "state": "passed",
                  "speed": "slow",
                  "pass": true,
                  "fail": false,
                  "pending": false,
                  "context": null,
                  "code": "await expect(util.generate(\n  'example-3-bad-cardinality.jsonld', generatorOptions))\n  .to.be.rejectedWith(Error);",
                  "err": {},
                  "uuid": "c29537ad-0e0e-4881-ac4f-ed990fcedd1b",
                  "parentUUID": "657d99ca-8fe4-4bfc-94af-698d308ba70c",
                  "isHook": false,
                  "skipped": false
                },
                {
                  "title": "for Credential MUST be `VerifiableCredential` plus specific type",
                  "fullTitle": "Basic Documents `type` properties for Credential MUST be `VerifiableCredential` plus specific type",
                  "timedOut": false,
                  "duration": 325,
                  "state": "passed",
                  "speed": "slow",
                  "pass": true,
                  "fail": false,
                  "pending": false,
                  "context": null,
                  "code": "const doc = await util.generate('example-3.jsonld', generatorOptions);\ndoc.type.should.have.length.greaterThan(1);\ndoc.type.should.include('VerifiableCredential');",
                  "err": {},
                  "uuid": "94e95c86-4f8e-49a8-8ac8-06b47b9dbdb1",
                  "parentUUID": "657d99ca-8fe4-4bfc-94af-698d308ba70c",
                  "isHook": false,
                  "skipped": false
                },
                {
                  "title": "for Credential MUST be `VerifiableCredential` plus specific type (negative)",
                  "fullTitle": "Basic Documents `type` properties for Credential MUST be `VerifiableCredential` plus specific type (negative)",
                  "timedOut": false,
                  "duration": 430,
                  "state": "passed",
                  "speed": "slow",
                  "pass": true,
                  "fail": false,
                  "pending": false,
                  "context": null,
                  "code": "await expect(util.generate(\n  'example-3-bad-missing-type.jsonld', generatorOptions))\n  .to.be.rejectedWith(Error);",
                  "err": {},
                  "uuid": "eeac467e-6a57-41ca-9266-cd3125a6f971",
                  "parentUUID": "657d99ca-8fe4-4bfc-94af-698d308ba70c",
                  "isHook": false,
                  "skipped": false
                }
              ],
              "suites": [],
              "passes": [
                "9ed5c9cc-e040-4129-bbef-818f167654d0",
                "c29537ad-0e0e-4881-ac4f-ed990fcedd1b",
                "94e95c86-4f8e-49a8-8ac8-06b47b9dbdb1",
                "eeac467e-6a57-41ca-9266-cd3125a6f971"
              ],
              "failures": [],
              "pending": [],
              "skipped": [],
              "duration": 1573,
              "root": false,
              "rootEmpty": false,
              "_timeout": 10000
            },
            {
              "uuid": "5b2be481-e9d6-4999-b29a-eb9ec4ab4025",
              "title": "`credentialSubject` property",
              "fullFile": "/home/adamva/prj/vc-test-suite/test/vc-data-model-1.0/10-basic.js",
              "file": "/test/vc-data-model-1.0/10-basic.js",
              "beforeHooks": [],
              "afterHooks": [],
              "tests": [
                {
                  "title": "MUST be present",
                  "fullTitle": "Basic Documents `credentialSubject` property MUST be present",
                  "timedOut": false,
                  "duration": 293,
                  "state": "passed",
                  "speed": "slow",
                  "pass": true,
                  "fail": false,
                  "pending": false,
                  "context": null,
                  "code": "const doc = await util.generate('example-1.jsonld', generatorOptions);\ndoc.should.have.property('credentialSubject');\nexpect(doc.credentialSubject.id).to.match(uriRegex);",
                  "err": {},
                  "uuid": "4bc533e6-073f-4f41-9c05-67c4ff3e20e5",
                  "parentUUID": "5b2be481-e9d6-4999-b29a-eb9ec4ab4025",
                  "isHook": false,
                  "skipped": false
                },
                {
                  "title": "MUST be present, may be a set of objects",
                  "fullTitle": "Basic Documents `credentialSubject` property MUST be present, may be a set of objects",
                  "timedOut": false,
                  "duration": 367,
                  "state": "passed",
                  "speed": "slow",
                  "pass": true,
                  "fail": false,
                  "pending": false,
                  "context": null,
                  "code": "const doc = await util\n  .generate('example-014-credential-subjects.jsonld', generatorOptions);\ndoc.credentialSubject.should.be.a('Array');\nexpect(doc.credentialSubject[0].id).to.match(uriRegex);\nexpect(doc.credentialSubject[1].id).to.match(uriRegex);",
                  "err": {},
                  "uuid": "8723f31c-d362-47fc-a6b7-382511fdb0aa",
                  "parentUUID": "5b2be481-e9d6-4999-b29a-eb9ec4ab4025",
                  "isHook": false,
                  "skipped": false
                },
                {
                  "title": "MUST be present (negative - credentialSubject missing)",
                  "fullTitle": "Basic Documents `credentialSubject` property MUST be present (negative - credentialSubject missing)",
                  "timedOut": false,
                  "duration": 300,
                  "state": "passed",
                  "speed": "slow",
                  "pass": true,
                  "fail": false,
                  "pending": false,
                  "context": null,
                  "code": "await expect(util.generate(\n  'example-014-bad-no-credential-subject.jsonld', generatorOptions))\n  .to.be.rejectedWith(Error);",
                  "err": {},
                  "uuid": "e4c29102-d710-48d6-b0b7-aca6c1873e07",
                  "parentUUID": "5b2be481-e9d6-4999-b29a-eb9ec4ab4025",
                  "isHook": false,
                  "skipped": false
                }
              ],
              "suites": [],
              "passes": [
                "4bc533e6-073f-4f41-9c05-67c4ff3e20e5",
                "8723f31c-d362-47fc-a6b7-382511fdb0aa",
                "e4c29102-d710-48d6-b0b7-aca6c1873e07"
              ],
              "failures": [],
              "pending": [],
              "skipped": [],
              "duration": 960,
              "root": false,
              "rootEmpty": false,
              "_timeout": 10000
            },
            {
              "uuid": "452a2710-2f2c-4cb1-a21f-2612ac3e8459",
              "title": "`issuer` property",
              "fullFile": "/home/adamva/prj/vc-test-suite/test/vc-data-model-1.0/10-basic.js",
              "file": "/test/vc-data-model-1.0/10-basic.js",
              "beforeHooks": [],
              "afterHooks": [],
              "tests": [
                {
                  "title": "MUST be present",
                  "fullTitle": "Basic Documents `issuer` property MUST be present",
                  "timedOut": false,
                  "duration": 470,
                  "state": "passed",
                  "speed": "slow",
                  "pass": true,
                  "fail": false,
                  "pending": false,
                  "context": null,
                  "code": "const doc = await util.generate('example-4.jsonld', generatorOptions);\ndoc.should.have.property('issuer');\nexpect(doc.issuer).to.match(uriRegex);",
                  "err": {},
                  "uuid": "a94a7e05-4660-4d02-b276-e0d5b34af1fa",
                  "parentUUID": "452a2710-2f2c-4cb1-a21f-2612ac3e8459",
                  "isHook": false,
                  "skipped": false
                },
                {
                  "title": "MUST be present (negative - missing issuer)",
                  "fullTitle": "Basic Documents `issuer` property MUST be present (negative - missing issuer)",
                  "timedOut": false,
                  "duration": 324,
                  "state": "failed",
                  "speed": null,
                  "pass": false,
                  "fail": true,
                  "pending": false,
                  "context": null,
                  "code": "await expect(util.generate(\n  'example-4-bad-missing-issuer.jsonld', generatorOptions))\n  .to.be.rejectedWith(Error);",
                  "err": {
                    "message": "AssertionError: expected promise to be rejected with 'Error' but it was fulfilled with { '@context': [ …(2) ], …(8) }",
                    "estack": "AssertionError: expected promise to be rejected with 'Error' but it was fulfilled with { '@context': [ …(2) ], …(8) }",
                    "diff": null
                  },
                  "uuid": "82fe7415-60d6-44e7-b11e-c4349769c7f2",
                  "parentUUID": "452a2710-2f2c-4cb1-a21f-2612ac3e8459",
                  "isHook": false,
                  "skipped": false
                },
                {
                  "title": "MUST be a single URI",
                  "fullTitle": "Basic Documents `issuer` property MUST be a single URI",
                  "timedOut": false,
                  "duration": 302,
                  "state": "passed",
                  "speed": "slow",
                  "pass": true,
                  "fail": false,
                  "pending": false,
                  "context": null,
                  "code": "const doc = await util.generate('example-4.jsonld', generatorOptions);\ndoc.issuer.should.be.a('string');\nexpect(doc.issuer).to.match(uriRegex);",
                  "err": {},
                  "uuid": "43bdc500-d171-4766-b46d-894c7ab17360",
                  "parentUUID": "452a2710-2f2c-4cb1-a21f-2612ac3e8459",
                  "isHook": false,
                  "skipped": false
                },
                {
                  "title": "MUST be a single URI (negative - not URI)",
                  "fullTitle": "Basic Documents `issuer` property MUST be a single URI (negative - not URI)",
                  "timedOut": false,
                  "duration": 447,
                  "state": "passed",
                  "speed": "slow",
                  "pass": true,
                  "fail": false,
                  "pending": false,
                  "context": null,
                  "code": "await expect(util.generate(\n  'example-4-bad-issuer-uri.jsonld', generatorOptions))\n  .to.be.rejectedWith(Error);",
                  "err": {},
                  "uuid": "b2e271fc-695a-48e4-ac1d-757559747395",
                  "parentUUID": "452a2710-2f2c-4cb1-a21f-2612ac3e8459",
                  "isHook": false,
                  "skipped": false
                },
                {
                  "title": "MUST be a single URI (negative - Array)",
                  "fullTitle": "Basic Documents `issuer` property MUST be a single URI (negative - Array)",
                  "timedOut": false,
                  "duration": 444,
                  "state": "passed",
                  "speed": "slow",
                  "pass": true,
                  "fail": false,
                  "pending": false,
                  "context": null,
                  "code": "await expect(util.generate(\n  'example-4-bad-issuer-cardinality.jsonld', generatorOptions))\n  .to.be.rejectedWith(Error);",
                  "err": {},
                  "uuid": "7dece53d-5479-423f-942f-19a59239e3e1",
                  "parentUUID": "452a2710-2f2c-4cb1-a21f-2612ac3e8459",
                  "isHook": false,
                  "skipped": false
                }
              ],
              "suites": [],
              "passes": [
                "a94a7e05-4660-4d02-b276-e0d5b34af1fa",
                "43bdc500-d171-4766-b46d-894c7ab17360",
                "b2e271fc-695a-48e4-ac1d-757559747395",
                "7dece53d-5479-423f-942f-19a59239e3e1"
              ],
              "failures": [
                "82fe7415-60d6-44e7-b11e-c4349769c7f2"
              ],
              "pending": [],
              "skipped": [],
              "duration": 1987,
              "root": false,
              "rootEmpty": false,
              "_timeout": 10000
            },
            {
              "uuid": "9b5d67c0-b99c-42a0-8f11-978fcdc531de",
              "title": "`issuanceDate` property",
              "fullFile": "/home/adamva/prj/vc-test-suite/test/vc-data-model-1.0/10-basic.js",
              "file": "/test/vc-data-model-1.0/10-basic.js",
              "beforeHooks": [],
              "afterHooks": [],
              "tests": [
                {
                  "title": "MUST be present",
                  "fullTitle": "Basic Documents `issuanceDate` property MUST be present",
                  "timedOut": false,
                  "duration": 466,
                  "state": "passed",
                  "speed": "slow",
                  "pass": true,
                  "fail": false,
                  "pending": false,
                  "context": null,
                  "code": "const doc = await util.generate('example-4.jsonld', generatorOptions);\ndoc.should.have.property('issuanceDate');",
                  "err": {},
                  "uuid": "8410b7ea-4568-4cfe-a94f-2dc7c47c455f",
                  "parentUUID": "9b5d67c0-b99c-42a0-8f11-978fcdc531de",
                  "isHook": false,
                  "skipped": false
                },
                {
                  "title": "MUST be present (negative - missing issuanceDate)",
                  "fullTitle": "Basic Documents `issuanceDate` property MUST be present (negative - missing issuanceDate)",
                  "timedOut": false,
                  "duration": 463,
                  "state": "failed",
                  "speed": null,
                  "pass": false,
                  "fail": true,
                  "pending": false,
                  "context": null,
                  "code": "await expect(util.generate(\n  'example-4-bad-missing-issuanceDate.jsonld', generatorOptions))\n  .to.be.rejectedWith(Error);",
                  "err": {
                    "message": "AssertionError: expected promise to be rejected with 'Error' but it was fulfilled with { '@context': [ …(2) ], …(8) }",
                    "estack": "AssertionError: expected promise to be rejected with 'Error' but it was fulfilled with { '@context': [ …(2) ], …(8) }",
                    "diff": null
                  },
                  "uuid": "8296312e-96c5-42c4-8b29-20f63b4bdbf1",
                  "parentUUID": "9b5d67c0-b99c-42a0-8f11-978fcdc531de",
                  "isHook": false,
                  "skipped": false
                },
                {
                  "title": "MUST be an RFC3339 datetime",
                  "fullTitle": "Basic Documents `issuanceDate` property MUST be an RFC3339 datetime",
                  "timedOut": false,
                  "duration": 412,
                  "state": "passed",
                  "speed": "slow",
                  "pass": true,
                  "fail": false,
                  "pending": false,
                  "context": null,
                  "code": "const doc = await util.generate('example-4.jsonld', generatorOptions);\ndoc.issuanceDate.should.be.a('string');\nexpect(doc.issuanceDate).to.match(util.RFC3339regex);",
                  "err": {},
                  "uuid": "a100c87b-3817-428b-a89b-ca490ee2885d",
                  "parentUUID": "9b5d67c0-b99c-42a0-8f11-978fcdc531de",
                  "isHook": false,
                  "skipped": false
                },
                {
                  "title": "MUST be an RFC3339 datetime (negative - RFC3339)",
                  "fullTitle": "Basic Documents `issuanceDate` property MUST be an RFC3339 datetime (negative - RFC3339)",
                  "timedOut": false,
                  "duration": 221,
                  "state": "passed",
                  "speed": "slow",
                  "pass": true,
                  "fail": false,
                  "pending": false,
                  "context": null,
                  "code": "await expect(util.generate(\n  'example-4-bad-issuanceDate.jsonld', generatorOptions))\n  .to.be.rejectedWith(Error);",
                  "err": {},
                  "uuid": "e454cb61-f19c-43d3-9f18-b8c1d8063a9b",
                  "parentUUID": "9b5d67c0-b99c-42a0-8f11-978fcdc531de",
                  "isHook": false,
                  "skipped": false
                },
                {
                  "title": "MUST be an RFC3339 datetime (negative - Array)",
                  "fullTitle": "Basic Documents `issuanceDate` property MUST be an RFC3339 datetime (negative - Array)",
                  "timedOut": false,
                  "duration": 352,
                  "state": "passed",
                  "speed": "slow",
                  "pass": true,
                  "fail": false,
                  "pending": false,
                  "context": null,
                  "code": "await expect(util.generate(\n  'example-4-bad-issuanceDate-cardinality.jsonld', generatorOptions))\n  .to.be.rejectedWith(Error);",
                  "err": {},
                  "uuid": "e08021ad-d3f7-4f05-9ef6-ec5721148720",
                  "parentUUID": "9b5d67c0-b99c-42a0-8f11-978fcdc531de",
                  "isHook": false,
                  "skipped": false
                }
              ],
              "suites": [],
              "passes": [
                "8410b7ea-4568-4cfe-a94f-2dc7c47c455f",
                "a100c87b-3817-428b-a89b-ca490ee2885d",
                "e454cb61-f19c-43d3-9f18-b8c1d8063a9b",
                "e08021ad-d3f7-4f05-9ef6-ec5721148720"
              ],
              "failures": [
                "8296312e-96c5-42c4-8b29-20f63b4bdbf1"
              ],
              "pending": [],
              "skipped": [],
              "duration": 1914,
              "root": false,
              "rootEmpty": false,
              "_timeout": 10000
            },
            {
              "uuid": "e7fb0287-7538-48a0-bbad-14bca3619b1c",
              "title": "`expirationDate` property",
              "fullFile": "/home/adamva/prj/vc-test-suite/test/vc-data-model-1.0/10-basic.js",
              "file": "/test/vc-data-model-1.0/10-basic.js",
              "beforeHooks": [],
              "afterHooks": [],
              "tests": [
                {
                  "title": "MUST be an RFC3339 datetime",
                  "fullTitle": "Basic Documents `expirationDate` property MUST be an RFC3339 datetime",
                  "timedOut": false,
                  "duration": 459,
                  "state": "passed",
                  "speed": "slow",
                  "pass": true,
                  "fail": false,
                  "pending": false,
                  "context": null,
                  "code": "const doc = await util.generate('example-6.jsonld', generatorOptions);\ndoc.expirationDate.should.be.a('string');\nexpect(doc.expirationDate).to.match(util.RFC3339regex);",
                  "err": {},
                  "uuid": "aa1dc0a1-db3d-458f-ad57-621c6bf5da2b",
                  "parentUUID": "e7fb0287-7538-48a0-bbad-14bca3619b1c",
                  "isHook": false,
                  "skipped": false
                },
                {
                  "title": "MUST be an RFC3339 datetime (negative - RFC3339)",
                  "fullTitle": "Basic Documents `expirationDate` property MUST be an RFC3339 datetime (negative - RFC3339)",
                  "timedOut": false,
                  "duration": 386,
                  "state": "passed",
                  "speed": "slow",
                  "pass": true,
                  "fail": false,
                  "pending": false,
                  "context": null,
                  "code": "await expect(util.generate(\n  'example-6-bad-expirationDate.jsonld', generatorOptions))\n  .to.be.rejectedWith(Error);",
                  "err": {},
                  "uuid": "6db4b469-7f87-487a-882e-236e36cea83e",
                  "parentUUID": "e7fb0287-7538-48a0-bbad-14bca3619b1c",
                  "isHook": false,
                  "skipped": false
                },
                {
                  "title": "MUST be an RFC3339 datetime (negative - Array)",
                  "fullTitle": "Basic Documents `expirationDate` property MUST be an RFC3339 datetime (negative - Array)",
                  "timedOut": false,
                  "duration": 440,
                  "state": "passed",
                  "speed": "slow",
                  "pass": true,
                  "fail": false,
                  "pending": false,
                  "context": null,
                  "code": "await expect(util.generate(\n  'example-6-bad-cardinality.jsonld', generatorOptions))\n  .to.be.rejectedWith(Error);",
                  "err": {},
                  "uuid": "36b29b1f-b808-473e-a590-be1e40e069f7",
                  "parentUUID": "e7fb0287-7538-48a0-bbad-14bca3619b1c",
                  "isHook": false,
                  "skipped": false
                }
              ],
              "suites": [],
              "passes": [
                "aa1dc0a1-db3d-458f-ad57-621c6bf5da2b",
                "6db4b469-7f87-487a-882e-236e36cea83e",
                "36b29b1f-b808-473e-a590-be1e40e069f7"
              ],
              "failures": [],
              "pending": [],
              "skipped": [],
              "duration": 1285,
              "root": false,
              "rootEmpty": false,
              "_timeout": 10000
            },
            {
              "uuid": "e96eb089-30db-4316-b625-9dc232d37539",
              "title": "Presentations",
              "fullFile": "/home/adamva/prj/vc-test-suite/test/vc-data-model-1.0/10-basic.js",
              "file": "/test/vc-data-model-1.0/10-basic.js",
              "beforeHooks": [],
              "afterHooks": [],
              "tests": [
                {
                  "title": "MUST be of type `VerifiablePresentation`",
                  "fullTitle": "Basic Documents Presentations MUST be of type `VerifiablePresentation`",
                  "timedOut": false,
                  "duration": 359,
                  "state": "passed",
                  "speed": "slow",
                  "pass": true,
                  "fail": false,
                  "pending": false,
                  "context": null,
                  "code": "const doc = await util.generatePresentation('example-8.jsonld', generatorOptions);\nexpect(hasType(doc, 'VerifiablePresentation')).to.be.true;",
                  "err": {},
                  "uuid": "413d3a1a-4ab6-47f3-a3fb-33013510d43d",
                  "parentUUID": "e96eb089-30db-4316-b625-9dc232d37539",
                  "isHook": false,
                  "skipped": false
                },
                {
                  "title": "MAY include `verifiableCredential` and `proof`",
                  "fullTitle": "Basic Documents Presentations MAY include `verifiableCredential` and `proof`",
                  "timedOut": false,
                  "duration": 355,
                  "state": "passed",
                  "speed": "slow",
                  "pass": true,
                  "fail": false,
                  "pending": false,
                  "context": null,
                  "code": "const doc = await util.generatePresentation('example-8.jsonld', generatorOptions);\nshould.exist(doc.verifiableCredential);\nshould.exist(doc.proof);",
                  "err": {},
                  "uuid": "3552b478-19b5-467c-a108-80ac9e5975fa",
                  "parentUUID": "e96eb089-30db-4316-b625-9dc232d37539",
                  "isHook": false,
                  "skipped": false
                },
                {
                  "title": "`proof`, if present, MUST include `type` property (negative)",
                  "fullTitle": "Basic Documents Presentations `proof`, if present, MUST include `type` property (negative)",
                  "timedOut": false,
                  "duration": 400,
                  "state": "failed",
                  "speed": null,
                  "pass": false,
                  "fail": true,
                  "pending": false,
                  "context": null,
                  "code": "await expect(util.generatePresentation(\n  'example-8-bad-missing-proof-type.jsonld', generatorOptions))\n  .to.be.rejectedWith(Error);",
                  "err": {
                    "message": "AssertionError: expected promise to be rejected with 'Error' but it was fulfilled with { '@context': [ …(2) ], …(4) }",
                    "estack": "AssertionError: expected promise to be rejected with 'Error' but it was fulfilled with { '@context': [ …(2) ], …(4) }",
                    "diff": null
                  },
                  "uuid": "bedc83be-b8a3-433d-a81a-1c104ec4226b",
                  "parentUUID": "e96eb089-30db-4316-b625-9dc232d37539",
                  "isHook": false,
                  "skipped": false
                },
                {
                  "title": "MAY omit `verifiableCredential`",
                  "fullTitle": "Basic Documents Presentations MAY omit `verifiableCredential`",
                  "timedOut": false,
                  "duration": 376,
                  "state": "passed",
                  "speed": "slow",
                  "pass": true,
                  "fail": false,
                  "pending": false,
                  "context": null,
                  "code": "const doc = await util.generatePresentation(\n  'example-017-missing-verifiableCredential.jsonld', generatorOptions);\nshould.exist(doc.proof);",
                  "err": {},
                  "uuid": "df19c670-0552-44fc-84ca-40ce36c121b3",
                  "parentUUID": "e96eb089-30db-4316-b625-9dc232d37539",
                  "isHook": false,
                  "skipped": false
                }
              ],
              "suites": [],
              "passes": [
                "413d3a1a-4ab6-47f3-a3fb-33013510d43d",
                "3552b478-19b5-467c-a108-80ac9e5975fa",
                "df19c670-0552-44fc-84ca-40ce36c121b3"
              ],
              "failures": [
                "bedc83be-b8a3-433d-a81a-1c104ec4226b"
              ],
              "pending": [],
              "skipped": [],
              "duration": 1490,
              "root": false,
              "rootEmpty": false,
              "_timeout": 10000
            }
          ],
          "passes": [],
          "failures": [],
          "pending": [],
          "skipped": [],
          "duration": 0,
          "root": false,
          "rootEmpty": false,
          "_timeout": 10000
        }
      ],
      "passes": [],
      "failures": [],
      "pending": [],
      "skipped": [],
      "duration": 0,
      "root": true,
      "rootEmpty": true,
      "_timeout": 10000
    }
  ],
  "meta": {
    "mocha": {
      "version": "10.2.0"
    },
    "mochawesome": {
      "options": {
        "quiet": false,
        "reportFilename": "mochawesome",
        "saveHtml": true,
        "saveJson": true,
        "consoleReporter": "spec",
        "useInlineDiffs": false,
        "code": true
      },
      "version": "7.1.3"
    },
    "marge": {
      "options": null,
      "version": "6.2.0"
    }
  }
}